=== Caferbey Briefing: 2026-03-12 ===
Fetching NOS...
sed: -e expression #1, char 39: unknown option to `s'
sed: -e expression #1, char 39: unknown option to `s'
Sending email...
=== Done ===
=== Caferbey Briefing: 2026-03-13 ===
Fetching NOS...
sed: -e expression #1, char 39: unknown option to `s'
sed: -e expression #1, char 39: unknown option to `s'
Sending email...
=== Done ===
2026-03-13 07:30 - Briefing sent successfully
=== Caferbey Briefing: 2026-03-14 ===
Fetching NOS...
sed: -e expression #1, char 39: unknown option to `s'
sed: -e expression #1, char 39: unknown option to `s'
Sending email...
=== Done ===
=== Caferbey Briefing: 2026-03-15 ===
Fetching NOS...
sed: -e expression #1, char 39: unknown option to `s'
sed: -e expression #1, char 39: unknown option to `s'
Sending email...
=== Done ===
2026-03-15 - Briefing sent successfully
2026-03-15 - Briefing sent successfully
=== Caferbey Briefing: 2026-03-16 ===
Fetching NOS...
sed: -e expression #1, char 39: unknown option to `s'
sed: -e expression #1, char 39: unknown option to `s'
Sending email...
Email sent successfully!
=== Done ===
2026-03-16 - Briefing sent successfully
2026-03-16 - Briefing sent successfully
2026-03-16 - Briefing sent successfully
2026-03-16 - Briefing sent successfully
2026-03-16 - Briefing sent successfully
2026-03-16 - Briefing sent successfully
2026-03-16 - Briefing sent successfully
2026-03-16 - Briefing sent successfully
2026-03-16 - Briefing sent successfully
2026-03-30 - Briefing sent successfully
